time: 0.000259 :read 3 elem from file /home/student/cube-1.3/proc/main/base_define/namelist.json!
time: 0.000369 :read 4 elem from file /home/student/cube-1.3/proc/main/base_define/dispatchnamelist.json!
time: 0.000423 :read 1 elem from file /home/student/cube-1.3/proc/main/base_define/typelist.json!
time: 0.000615 :read 7 elem from file /home/student/cube-1.3/proc/main/base_define/subtypelist.json!
time: 0.000660 :read 1 elem from file /home/student/cube-1.3/proc/main/base_define/baseflag.json!
time: 0.000912 :read 3 elem from file /home/student/cube-1.3/proc/main/base_define/memdb.json!
time: 0.001540 :read 7 elem from file /home/student/cube-1.3/proc/main/base_define/msghead.json!
time: 0.001807 :read 2 elem from file /home/student/cube-1.3/proc/main/base_define/msgrecord.json!
time: 0.002335 :read 10 elem from file /home/student/cube-1.3/proc/main/base_define/base_msg.json!
time: 0.002777 :read 8 elem from file /home/student/cube-1.3/proc/main/base_define/return.json!
time: 0.003068 :read 3 elem from file /home/student/cube-1.3/proc/main/base_define/dispatchrecord.json!
time: 0.003202 :read 2 elem from file /home/student/cube-1.3/proc/main/base_define/exmoduledefine.json!
time: 0.003359 :read 1 elem from file /home/student/cube-1.3/proc/main/base_define/sys_conn.json!
time: 0.003925 :read 9 elem from file user_define.json!
time: 0.004305 :read 5 elem from file record_define.json!
time: 0.008541 :this machine's local uuid is 4e001bbf5c16bf5cc1d31429472e82ff7868916d2fd41fe142e57a420e7b103f

time: 0.014164 :read 1 connector!

time: 0.014344 :read 2 policy from router_policy file!
time: 0.014373 :system plugin router_proc is prepared!
time: 0.020596 :system plugin connector_proc is prepared!
time: 0.020692 :ex_module connector_proc started successfully!
time: 0.020716 :ex_module router_proc started successfully!
time: 0.020743 :ex_module msg_send started successfully!
time: 0.020764 :ex_module print started successfully!
time: 0.020770 :instance load 4 module!

time: 0.020788 :begin msgfile_send module!

time: 0.020859 :client user_client connect succeed!

time: 0.026304 :proc conn client receive 269 data!

time: 0.026462 :send 324 data to conn user_client!

time: 0.026469 :client user_client send 324 ack data to server !

time: 0.032594 :router get proc connector_proc's message 
time: 1.522023 :router get proc msg_send's message 
time: 1.522057 :new msg match path login's policy
time: 1.522146 :send message to conn process!
time: 1.522318 :send 283 data to conn user_client!

time: 1.522331 :send (12800  1)message 283 to conn user_client!

time: 1.544309 :proc conn client receive 200 data!

time: 1.549348 :router get proc connector_proc's message 
time: 1.549395 :remote msg match path login's policy
time: 1.554642 :router get proc print's message 
time: 3.525461 :router get proc msg_send's message 
time: 3.525488 :new msg match path record's policy
time: 3.525554 :send message to conn process!
time: 3.527485 :send 202 data to conn user_client!

time: 3.527500 :send (12816  3)message 202 to conn user_client!

time: 5.525563 :router get proc msg_send's message 
time: 5.525631 :new msg match path record's policy
time: 5.525762 :send message to conn process!
time: 5.525848 :send 184 data to conn user_client!

time: 5.525864 :send (12816  2)message 184 to conn user_client!

