time: 0.072628 :read 3 elem from file /home/student/cube-1.3/proc/main/base_define/namelist.json!
time: 0.086121 :read 4 elem from file /home/student/cube-1.3/proc/main/base_define/dispatchnamelist.json!
time: 0.087088 :read 1 elem from file /home/student/cube-1.3/proc/main/base_define/typelist.json!
time: 0.093180 :read 7 elem from file /home/student/cube-1.3/proc/main/base_define/subtypelist.json!
time: 0.094490 :read 1 elem from file /home/student/cube-1.3/proc/main/base_define/baseflag.json!
time: 0.095337 :read 3 elem from file /home/student/cube-1.3/proc/main/base_define/memdb.json!
time: 0.097069 :read 7 elem from file /home/student/cube-1.3/proc/main/base_define/msghead.json!
time: 0.098323 :read 2 elem from file /home/student/cube-1.3/proc/main/base_define/msgrecord.json!
time: 0.100783 :read 10 elem from file /home/student/cube-1.3/proc/main/base_define/base_msg.json!
time: 0.112685 :read 8 elem from file /home/student/cube-1.3/proc/main/base_define/return.json!
time: 0.113941 :read 3 elem from file /home/student/cube-1.3/proc/main/base_define/dispatchrecord.json!
time: 0.123753 :read 2 elem from file /home/student/cube-1.3/proc/main/base_define/exmoduledefine.json!
time: 0.124955 :read 1 elem from file /home/student/cube-1.3/proc/main/base_define/sys_conn.json!
time: 0.135842 :read 9 elem from file user_define.json!
time: 0.157094 :read 5 elem from file record_define.json!
time: 0.191969 :read 3 elem from file user.list!
time: 0.225998 :this machine's local uuid is 4e001bbf5c16bf5cc1d31429472e82ff7868916d2fd41fe142e57a420e7b103f

time: 0.273839 :read 1 connector!

time: 0.273864 :conn server user_server begin to listen!

time: 0.288713 :read 3 policy from router_policy file!
time: 0.288782 :system plugin router_proc is prepared!
time: 0.446849 :system plugin connector_proc is prepared!
time: 0.446986 :ex_module connector_proc started successfully!
time: 0.447039 :ex_module router_proc started successfully!
time: 0.447082 :ex_module user_server started successfully!
time: 0.447124 :ex_module record_server started successfully!
time: 0.447165 :ex_module login_store started successfully!
time: 0.447237 :ex_module recordlib started successfully!
time: 0.447259 :instance load 6 module!

time: 0.452678 :create a new channel e8000b20!

time: 0.452906 :send 269 data to conn (null)!

time: 0.455121 :channel set name user2!

time: 0.457719 :router get proc connector_proc's message 
time: 0.461366 :read 0 lib files!

time: 0.671353 :channel receive (12800 1) message from conn user2!

time: 0.671411 :client forward (12800 1) message to main proc!

time: 0.676353 :router get proc connector_proc's message 
time: 0.676418 :remote msg match path login's policy
time: 0.681695 :router get proc user_server's message 
time: 0.681878 :send message to conn process!
time: 0.686952 :send 200 data to conn user2!

time: 0.687000 :send (12800  4)message 200 to conn user2!

time: 4.199582 :channel receive (12816 3) message from conn user2!

time: 4.199644 :client forward (12816 3) message to main proc!

time: 4.204490 :router get proc connector_proc's message 
time: 4.204551 :remote msg match path record's policy
