
**************Begin new trust node proc****************************
{
 "HEAD":{"tag":"MESG","version":65537,"sender_uuid":"","receiver_uuid":"","route
    ":"","flow":"FINISH","state":"MATCH","flag":"NULL","ljump":1,"rjump":1,"record_t
    ype":"MESSAGE","record_subtype":"CONN_ACKI","record_num":1,"record_size":146,"ex
    pand_num":0,"expand_size":0,"msg_uuid":"77f3f2752832ea468613b12a6b35ae49090c0eae
    e03d8e0c00533e7ad5d6787b"},
"RECORD":[
    {"uuid":"4e001bbf5c16bf5cc1d31429472e82ff7868916d2fd41fe142e57a420e7b103f","clie
        nt_name":"user2","client_proc":"user2","client_addr":"unknown addr","server_uuid
        ":"4e001bbf5c16bf5cc1d31429472e82ff7868916d2fd41fe142e57a420e7b103f","server_nam
        e":"server","service":"trust_server","server_addr":"","flags":0,"nonce":""}
    ],
"EXPAND" :[]
}

************************************************************
{
 "HEAD":{"tag":"MESG","version":65537,"sender_uuid":"24ff54dc644294d6af77812cf14
    5650d0f5d7e2d0d88b20a9e18b91845a7b51b","receiver_uuid":"user_server","route":"lo
    gin","flow":"QUERY","state":"MATCH","flag":"LOCAL","ljump":1,"rjump":2,"record_t
    ype":"USER_DEFINE","record_subtype":"LOGIN","record_num":1,"record_size":103,"ex
    pand_num":0,"expand_size":0,"msg_uuid":"47058f2e0471109adcdedd6947d2114d03699f56
    54308f632117260d27fc687e"},
"RECORD":[
    {"user_name":"zhaowe","passwd":"123","proc_name":"","machine_uuid":""}
    ],
"EXPAND" :[]
}

************************************************************
{
 "HEAD":{"tag":"MESG","version":65537,"sender_uuid":"user_server","receiver_uuid
    ":"24ff54dc644294d6af77812cf145650d0f5d7e2d0d88b20a9e18b91845a7b51b","route":"lo
    gin","flow":"QUERY","state":"RESPONSE","flag":"NULL","ljump":2,"rjump":2,"record
    _type":"USER_DEFINE","record_subtype":"RETURN","record_num":1,"record_size":0,"e
    xpand_num":0,"expand_size":0,"msg_uuid":"47058f2e0471109adcdedd6947d2114d03699f5
    654308f632117260d27fc687e"},
"RECORD":[
    {"return_code":"SUCCEED","return_info":"login succeed!
"}
    ],
"EXPAND" :[]
}

************************************************************
{
 "HEAD":{"tag":"MESG","version":65537,"sender_uuid":"24ff54dc644294d6af77812cf14
    5650d0f5d7e2d0d88b20a9e18b91845a7b51b","receiver_uuid":"record_server","route":"
    record","flow":"QUERY","state":"MATCH","flag":"LOCAL","ljump":1,"rjump":2,"recor
    d_type":"RECORD_DEFINE","record_subtype":"WRITE","record_num":1,"record_size":25
    ,"expand_num":0,"expand_size":0,"msg_uuid":"03085ba8c4e8db525ff8e21f83d7319ca579
    413e0b83df4fe6e4d3592fce0dca"},
"RECORD":[
    {"record_no":"001","segment":"commodity_prices","text":"$25"}
    ],
"EXPAND" :[]
}

************************************************************
