time: 0.000637 :read 3 elem from file /home/student/cube-1.3/proc/main/base_define/namelist.json!
time: 0.000860 :read 4 elem from file /home/student/cube-1.3/proc/main/base_define/dispatchnamelist.json!
time: 0.000969 :read 1 elem from file /home/student/cube-1.3/proc/main/base_define/typelist.json!
time: 0.001529 :read 7 elem from file /home/student/cube-1.3/proc/main/base_define/subtypelist.json!
time: 0.001631 :read 1 elem from file /home/student/cube-1.3/proc/main/base_define/baseflag.json!
time: 0.002088 :read 3 elem from file /home/student/cube-1.3/proc/main/base_define/memdb.json!
time: 0.003578 :read 7 elem from file /home/student/cube-1.3/proc/main/base_define/msghead.json!
time: 0.004237 :read 2 elem from file /home/student/cube-1.3/proc/main/base_define/msgrecord.json!
time: 0.005336 :read 10 elem from file /home/student/cube-1.3/proc/main/base_define/base_msg.json!
time: 0.006842 :read 8 elem from file /home/student/cube-1.3/proc/main/base_define/return.json!
time: 0.007556 :read 3 elem from file /home/student/cube-1.3/proc/main/base_define/dispatchrecord.json!
time: 0.007832 :read 2 elem from file /home/student/cube-1.3/proc/main/base_define/exmoduledefine.json!
time: 0.008186 :read 1 elem from file /home/student/cube-1.3/proc/main/base_define/sys_conn.json!
time: 0.009354 :read 9 elem from file user_define.json!
time: 0.010218 :read 5 elem from file record_define.json!
time: 0.018162 :this machine's local uuid is 4e001bbf5c16bf5cc1d31429472e82ff7868916d2fd41fe142e57a420e7b103f

time: 0.024053 :read 1 connector!

time: 0.024229 :read 2 policy from router_policy file!
time: 0.024259 :system plugin router_proc is prepared!
time: 0.029517 :system plugin connector_proc is prepared!
time: 0.029609 :ex_module connector_proc started successfully!
time: 0.029634 :ex_module router_proc started successfully!
time: 0.029662 :ex_module msg_send started successfully!
time: 0.029685 :ex_module print started successfully!
time: 0.029691 :instance load 4 module!

time: 0.029709 :begin msgfile_send module!

time: 0.029789 :client user_client connect succeed!

time: 0.034888 :proc conn client receive 270 data!

time: 0.035033 :send 327 data to conn user_client!

time: 0.035040 :client user_client send 327 ack data to server !

time: 0.040464 :router get proc connector_proc's message 
time: 1.233735 :router get proc msg_send's message 
time: 1.233775 :new msg match path login's policy
time: 1.233857 :send message to conn process!
time: 1.234022 :send 284 data to conn user_client!

time: 1.234034 :send (12800  1)message 284 to conn user_client!

time: 1.265139 :proc conn client receive 200 data!

time: 1.270131 :router get proc connector_proc's message 
time: 1.270161 :remote msg match path login's policy
time: 1.275486 :router get proc print's message 
time: 2.232636 :router get proc msg_send's message 
time: 2.232673 :new msg match path record's policy
time: 2.232746 :send message to conn process!
time: 2.232917 :send 198 data to conn user_client!

time: 2.232929 :send (12816  3)message 198 to conn user_client!

time: 3.234117 :router get proc msg_send's message 
time: 3.234189 :new msg match path record's policy
time: 3.234331 :send message to conn process!
time: 3.234508 :send 201 data to conn user_client!

time: 3.234531 :send (12816  3)message 201 to conn user_client!

time: 4.234360 :router get proc msg_send's message 
time: 4.234423 :new msg match path record's policy
time: 4.234557 :send message to conn process!
