time: 0.057057 :read 3 elem from file /home/student/cube-1.3/proc/main/base_define/namelist.json!
time: 0.070522 :read 4 elem from file /home/student/cube-1.3/proc/main/base_define/dispatchnamelist.json!
time: 0.071427 :read 1 elem from file /home/student/cube-1.3/proc/main/base_define/typelist.json!
time: 0.077669 :read 7 elem from file /home/student/cube-1.3/proc/main/base_define/subtypelist.json!
time: 0.078753 :read 1 elem from file /home/student/cube-1.3/proc/main/base_define/baseflag.json!
time: 0.079785 :read 3 elem from file /home/student/cube-1.3/proc/main/base_define/memdb.json!
time: 0.083422 :read 7 elem from file /home/student/cube-1.3/proc/main/base_define/msghead.json!
time: 0.085424 :read 2 elem from file /home/student/cube-1.3/proc/main/base_define/msgrecord.json!
time: 0.086752 :read 10 elem from file /home/student/cube-1.3/proc/main/base_define/base_msg.json!
time: 0.098750 :read 8 elem from file /home/student/cube-1.3/proc/main/base_define/return.json!
time: 0.099301 :read 3 elem from file /home/student/cube-1.3/proc/main/base_define/dispatchrecord.json!
time: 0.108468 :read 2 elem from file /home/student/cube-1.3/proc/main/base_define/exmoduledefine.json!
time: 0.109671 :read 1 elem from file /home/student/cube-1.3/proc/main/base_define/sys_conn.json!
time: 0.134631 :read 9 elem from file user_define.json!
time: 0.142274 :read 5 elem from file record_define.json!
time: 0.210057 :this machine's local uuid is 4e001bbf5c16bf5cc1d31429472e82ff7868916d2fd41fe142e57a420e7b103f

time: 0.257614 :read 1 connector!

time: 0.297982 :read 2 policy from router_policy file!
time: 0.298081 :system plugin router_proc is prepared!
time: 0.427703 :system plugin connector_proc is prepared!
time: 0.427876 :ex_module connector_proc started successfully!
time: 0.427924 :ex_module router_proc started successfully!
time: 0.427978 :ex_module msg_send started successfully!
time: 0.428024 :ex_module print started successfully!
time: 0.428037 :instance load 4 module!

time: 0.428078 :begin msgfile_send module!

time: 0.428207 :client user_client connect succeed!

time: 0.438887 :proc conn client receive 269 data!

time: 0.439024 :send 326 data to conn user_client!

time: 0.439041 :client user_client send 326 ack data to server !

time: 0.444427 :router get proc connector_proc's message 
time: 0.649307 :router get proc msg_send's message 
time: 0.649353 :new msg match path login's policy
time: 0.649435 :send message to conn process!
time: 0.649660 :send 283 data to conn user_client!

time: 0.649670 :send (12800  1)message 283 to conn user_client!

time: 0.671314 :proc conn client receive 200 data!

time: 0.676645 :router get proc connector_proc's message 
time: 0.676710 :remote msg match path login's policy
time: 0.681925 :router get proc print's message 
time: 4.178068 :router get proc msg_send's message 
time: 4.178135 :new msg match path record's policy
time: 4.178279 :send message to conn process!
time: 4.178588 :send 205 data to conn user_client!

time: 4.178616 :send (12816  3)message 205 to conn user_client!

time: 7.664456 :router get proc msg_send's message 
time: 7.664495 :new msg match path record's policy
time: 7.664626 :send message to conn process!
time: 7.664706 :send 184 data to conn user_client!

time: 7.664721 :send (12816  2)message 184 to conn user_client!

